<?xml version="1.0" encoding="utf-8"?><testsuites><testsuite name="pytest" errors="0" failures="0" skipped="0" tests="3" time="7.234" timestamp="2025-04-05T15:35:14.257209+02:00" hostname="DESKTOP-2MQN4UP"><testcase classname="tests.unit.micropython.api_contract_test" name="test_create_sensor_payload_schema_validation" time="0.152" /><testcase classname="tests.unit.micropython.api_contract_test" name="test_validate_payload_with_invalid_data" time="0.008" /><testcase classname="tests.unit.micropython.api_contract_test" name="test_create_sensor_payload_with_missing_data" time="0.001" /></testsuite></testsuites>
